<?xml version="1.0" encoding="UTF-8"?>
<!-- Generated by org.testng.reporters.JUnitReportReporter -->
<testsuite hostname="Krishna_Lenovo" failures="0" tests="1" name="com.qa.seleniumgrid.docker.CrossbrowserTestfirefox" time="6.905" errors="0" timestamp="2024-08-16T18:16:17 IST" skipped="0">
  <testcase classname="com.qa.seleniumgrid.docker.CrossbrowserTestfirefox" name="testOne" time="6.905"/>
  <system-out/>
</testsuite> <!-- com.qa.seleniumgrid.docker.CrossbrowserTestfirefox -->
